<?xml version="1.0"?>
<!DOCTYPE coverage SYSTEM "http://cobertura.sourceforge.net/xml/coverage-04.dtd">

<coverage line-rate="0.75" branch-rate="1.0" lines-covered="9" lines-valid="12" branches-covered="2" branches-valid="2" complexity="1.6666666666666667" version="2.1.1" timestamp="1494280416410">
	<sources>
		<source>/Users/GordonDiggs/git_repos/cobertura/src/main/java</source>
		<source>--source</source>
	</sources>
	<packages>
		<package name="com.joantolos.cobertura" line-rate="0.75" branch-rate="1.0" complexity="1.6666666666666667">
			<classes>
				<class name="com.joantolos.cobertura.Method" filename="com/joantolos/cobertura/Method.java" line-rate="1.0" branch-rate="1.0" complexity="0.0">
					<methods>
						<method name="&lt;clinit&gt;" signature="()V" line-rate="1.0" branch-rate="1.0" complexity="0">
							<lines>
								<line number="6" hits="3" branch="false"/>
								<line number="7" hits="1" branch="false"/>
								<line number="8" hits="1" branch="false"/>
							</lines>
						</method>
						<method name="&lt;init&gt;" signature="(Ljava/lang/String;I)V" line-rate="1.0" branch-rate="1.0" complexity="0">
							<lines>
							</lines>
						</method>
						<method name="valueOf" signature="(Ljava/lang/String;)Lcom/joantolos/cobertura/Method;" line-rate="1.0" branch-rate="1.0" complexity="0">
							<lines>
							</lines>
						</method>
						<method name="values" signature="()[Lcom/joantolos/cobertura/Method;" line-rate="1.0" branch-rate="1.0" complexity="0">
							<lines>
							</lines>
						</method>
					</methods>
					<lines>
						<line number="6" hits="3" branch="false"/>
						<line number="7" hits="1" branch="false"/>
						<line number="8" hits="1" branch="false"/>
					</lines>
				</class>
				<class name="com.joantolos.cobertura.SiliconValley" filename="com/joantolos/cobertura/SiliconValley.java" line-rate="1.0" branch-rate="1.0" complexity="2.0">
					<methods>
						<method name="&lt;init&gt;" signature="(Lcom/joantolos/cobertura/Method;)V" line-rate="1.0" branch-rate="1.0" complexity="0">
							<lines>
								<line number="10" hits="3" branch="false"/>
								<line number="11" hits="3" branch="false"/>
								<line number="12" hits="3" branch="false"/>
							</lines>
						</method>
						<method name="changeTheWorld" signature="()Z" line-rate="1.0" branch-rate="1.0" complexity="0">
							<lines>
								<line number="15" hits="2" branch="true" condition-coverage="100% (2/2)">
									<conditions>
										<condition number="0" type="jump" coverage="100%"/>
									</conditions>
								</line>
								<line number="16" hits="1" branch="false"/>
								<line number="18" hits="1" branch="false"/>
							</lines>
						</method>
					</methods>
					<lines>
						<line number="10" hits="3" branch="false"/>
						<line number="11" hits="3" branch="false"/>
						<line number="12" hits="3" branch="false"/>
						<line number="15" hits="2" branch="true" condition-coverage="100% (2/2)">
							<conditions>
								<condition number="0" type="jump" coverage="100%"/>
							</conditions>
						</line>
						<line number="16" hits="1" branch="false"/>
						<line number="18" hits="1" branch="false"/>
					</lines>
				</class>
				<class name="com.joantolos.cobertura.Sup" filename="com/joantolos/cobertura/Sup.java" line-rate="0.0" branch-rate="1.0" complexity="1.0">
					<methods>
						<method name="&lt;init&gt;" signature="()V" line-rate="0.0" branch-rate="1.0" complexity="0">
							<lines>
								<line number="3" hits="0" branch="false"/>
							</lines>
						</method>
						<method name="setSup" signature="(Z)V" line-rate="0.0" branch-rate="1.0" complexity="0">
							<lines>
								<line number="7" hits="0" branch="false"/>
								<line number="8" hits="0" branch="false"/>
							</lines>
						</method>
					</methods>
					<lines>
						<line number="3" hits="0" branch="false"/>
						<line number="7" hits="0" branch="false"/>
						<line number="8" hits="0" branch="false"/>
					</lines>
				</class>
			</classes>
		</package>
	</packages>
</coverage>
