{
  "RSpec": {
    "coverage": {
      "/Users/GordonDiggs/cc/ruby-test-reporter/lib/codeclimate-test-reporter.rb": [
        1,
        1,
        1,
        1,
        1,
        1,
        1,
        1,
        1,
        1
      ],
      "/Users/GordonDiggs/cc/ruby-test-reporter/lib/code_climate/test_reporter.rb": [
        1,
        1,
        1,
        null,
        null,
        null,
        null,
        null,
        null,
        null,
        null,
        1,
        0,
        0,
        null,
        null,
        1,
        0,
        0,
        0,
        null,
        null,
        1,
        0,
        null,
        null,
        1,
        0,
        null,
        0,
        0,
        0,
        null,
        null,
        0,
        null,
        null,
        1,
        4,
        null,
        4,
        4,
        null,
        4,
        2,
        null,
        null,
        4,
        null,
        null,
        1,
        0,
        null,
        null,
        1,
        0,
        null,
        null,
        1,
        2,
        null,
        null,
        1,
        2,
        null,
        null,
        1,
        7,
        null,
        null,
        null
      ],
      "/Users/GordonDiggs/cc/ruby-test-reporter/lib/code_climate/test_reporter/calculate_blob.rb": [
        1,
        1,
        1,
        1,
        73,
        null,
        null,
        1,
        73,
        null,
        null,
        1,
        null,
        1,
        73,
        72,
        72,
        72,
        null,
        72,
        null,
        null,
        1,
        1,
        null,
        null,
        1,
        1,
        1,
        null,
        1,
        null,
        null,
        null,
        null
      ],
      "/Users/GordonDiggs/cc/ruby-test-reporter/lib/code_climate/test_reporter/client.rb": [
        1,
        1,
        1,
        null,
        1,
        1,
        1,
        1,
        1,
        null,
        1,
        null,
        2,
        null,
        null,
        null,
        null,
        null,
        1,
        1,
        1,
        null,
        1,
        1,
        1,
        1,
        1,
        1,
        1,
        1,
        1,
        1,
        1,
        1,
        null,
        1,
        1,
        1,
        1,
        1,
        1,
        null,
        1,
        1,
        null,
        0,
        null,
        null,
        null,
        1,
        1,
        1,
        null,
        1,
        1,
        1,
        null,
        1,
        1,
        1,
        null,
        0,
        null,
        null,
        1,
        null,
        1,
        1,
        null,
        0,
        null,
        null,
        null,
        1,
        null,
        1,
        2,
        2,
        0,
        0,
        0,
        0,
        null,
        2,
        2,
        null,
        null,
        null,
        1,
        1,
        1,
        1,
        1,
        1,
        null,
        null,
        1,
        null,
        0,
        null,
        null,
        null,
        null
      ],
      "/Users/GordonDiggs/cc/ruby-test-reporter/lib/code_climate/test_reporter/post_results.rb": [
        1,
        1,
        1,
        1,
        0,
        null,
        null,
        1,
        0,
        0,
        0,
        0,
        null,
        0,
        0,
        0,
        null,
        null,
        0,
        null,
        null,
        1,
        null,
        1,
        0,
        0,
        null,
        null,
        null,
        null
      ],
      "/Users/GordonDiggs/cc/ruby-test-reporter/lib/code_climate/test_reporter/shorten_filename.rb": [
        1,
        1,
        1,
        1,
        78,
        null,
        null,
        1,
        78,
        78,
        null,
        null,
        1,
        null,
        1,
        78,
        2,
        null,
        76,
        null,
        null,
        null,
        null,
        null
      ],
      "/Users/GordonDiggs/cc/ruby-test-reporter/lib/code_climate/test_reporter/formatter.rb": [
        null,
        null,
        1,
        1,
        1,
        1,
        1,
        null,
        1,
        1,
        null,
        1,
        1,
        1,
        1,
        2,
        6,
        null,
        null,
        2,
        null,
        1,
        null,
        1,
        null,
        null,
        2,
        2,
        null,
        2,
        null,
        null,
        1,
        null,
        1,
        2,
        null,
        null,
        1,
        2,
        2,
        71,
        71,
        71,
        null,
        null,
        71,
        0,
        null,
        null,
        null,
        null,
        null,
        null,
        null,
        null,
        null,
        null,
        null,
        null,
        null,
        71,
        null,
        null,
        null,
        null,
        null,
        null,
        null,
        null,
        null,
        null,
        null,
        null,
        null,
        2,
        null,
        null,
        null,
        null,
        2,
        null,
        null,
        null,
        null,
        1,
        142,
        null,
        null,
        null,
        null,
        null,
        1,
        1,
        1,
        5,
        null,
        1,
        1,
        1,
        null,
        null,
        null,
        null
      ],
      "/Users/GordonDiggs/cc/ruby-test-reporter/lib/code_climate/test_reporter/exception_message.rb": [
        1,
        1,
        1,
        1,
        0,
        null,
        null,
        1,
        0,
        null,
        null,
        null,
        null,
        null,
        1,
        1,
        0,
        null,
        null,
        1,
        0,
        null,
        null,
        null,
        null,
        null,
        null,
        null,
        null,
        1,
        1,
        null,
        null,
        null,
        null,
        1,
        0,
        null,
        null,
        1,
        0,
        0,
        0,
        0,
        0,
        null,
        0,
        0,
        0,
        0,
        0,
        null,
        0,
        0,
        0,
        null,
        null,
        0,
        null,
        null,
        1,
        null,
        1,
        0,
        null,
        null,
        1,
        0,
        null,
        null,
        null,
        null
      ],
      "/Users/GordonDiggs/cc/ruby-test-reporter/lib/code_climate/test_reporter/payload_validator.rb": [
        1,
        1,
        1,
        null,
        1,
        1,
        13,
        null,
        null,
        1,
        13,
        null,
        null,
        1,
        13,
        12,
        11,
        10,
        8,
        5,
        null,
        null,
        1,
        null,
        1,
        13,
        null,
        null,
        1,
        12,
        14,
        null,
        null,
        1,
        11,
        null,
        null,
        1,
        10,
        null,
        null,
        1,
        85,
        null,
        null,
        1,
        77,
        null,
        null,
        1,
        13,
        null,
        null,
        1,
        2,
        null,
        null,
        null,
        null
      ],
      "/Users/GordonDiggs/cc/ruby-test-reporter/lib/code_climate/test_reporter/configuration.rb": [
        1,
        null,
        1,
        1,
        1,
        null,
        1,
        15,
        null,
        15,
        9,
        null,
        null,
        15,
        null,
        null,
        1,
        141,
        null,
        null,
        1,
        1,
        null,
        1,
        null,
        1,
        15,
        null,
        null,
        1,
        3,
        null,
        null,
        1,
        2,
        null,
        null,
        1,
        1,
        null,
        null,
        1,
        6,
        null,
        null,
        1,
        null,
        1,
        1,
        1,
        null,
        1,
        null,
        null,
        null,
        null
      ],
      "/Users/GordonDiggs/cc/ruby-test-reporter/lib/code_climate/test_reporter/git.rb": [
        1,
        1,
        1,
        1,
        1,
        null,
        null,
        null,
        null,
        3,
        null,
        null,
        1,
        5,
        null,
        null,
        1,
        6,
        null,
        null,
        1,
        5,
        5,
        null,
        5,
        null,
        null,
        1,
        5,
        5,
        null,
        5,
        null,
        null,
        1,
        null,
        1,
        3,
        null,
        null,
        1,
        2,
        1,
        null,
        null,
        null,
        1,
        5,
        5,
        null,
        null,
        1,
        5,
        null,
        null,
        1,
        17,
        null,
        null,
        1,
        17,
        16,
        null,
        null,
        1,
        15,
        null,
        null,
        1,
        16,
        null,
        null,
        null,
        null,
        null,
        null
      ],
      "/Users/GordonDiggs/cc/ruby-test-reporter/lib/code_climate/test_reporter/ci.rb": [
        1,
        1,
        1,
        1,
        10,
        null,
        null,
        null,
        null,
        null,
        0,
        10,
        null,
        null,
        null,
        null,
        null,
        0,
        10,
        null,
        null,
        null,
        null,
        1,
        9,
        null,
        null,
        null,
        null,
        null,
        null,
        0,
        9,
        null,
        null,
        null,
        null,
        0,
        9,
        null,
        null,
        null,
        null,
        null,
        null,
        0,
        9,
        null,
        null,
        null,
        null,
        null,
        null,
        null,
        0,
        9,
        null,
        null,
        null,
        null,
        null,
        null,
        null,
        0,
        9,
        null,
        null,
        null,
        null,
        null,
        null,
        null,
        null,
        null,
        0,
        9,
        null,
        null,
        null,
        null,
        null,
        null,
        null,
        0,
        9,
        null,
        null,
        null,
        null,
        null,
        null,
        0,
        9,
        null,
        null,
        null,
        null,
        null,
        0,
        null,
        9,
        null,
        null,
        null,
        null,
        null
      ],
      "/Users/GordonDiggs/cc/ruby-test-reporter/spec/code_climate/test_reporter/ci_spec.rb": [
        1,
        null,
        1,
        1,
        1,
        1,
        1,
        null,
        null,
        null,
        null,
        null,
        null,
        1,
        1,
        null,
        null,
        null,
        null,
        null,
        1,
        null,
        null,
        null,
        null
      ],
      "/Users/GordonDiggs/cc/ruby-test-reporter/spec/code_climate/test_reporter/client_spec.rb": [
        1,
        null,
        1,
        1,
        1,
        1,
        1,
        1,
        null,
        null,
        1,
        1,
        1,
        null,
        null,
        1,
        null,
        1,
        null,
        null,
        1,
        null,
        null,
        1,
        2,
        2,
        null,
        2,
        3,
        null,
        1,
        1,
        1,
        1,
        null,
        1,
        null,
        null,
        null,
        null
      ],
      "/Users/GordonDiggs/cc/ruby-test-reporter/spec/code_climate/test_reporter/configuration_spec.rb": [
        1,
        1,
        null,
        1,
        1,
        1,
        1,
        1,
        null,
        null,
        1,
        1,
        1,
        1,
        1,
        1,
        1,
        1,
        null,
        null,
        null,
        1,
        1,
        5,
        null,
        null,
        1,
        1,
        null,
        1,
        1,
        1,
        null,
        null,
        1,
        null,
        null,
        1,
        1,
        1,
        null,
        null,
        1,
        null,
        null,
        1,
        1,
        1,
        null,
        null,
        1,
        null,
        null,
        1,
        1,
        1,
        null,
        null,
        1,
        null,
        1,
        1,
        null,
        null,
        null,
        1,
        1,
        1,
        null,
        null,
        1,
        null,
        null,
        null,
        null
      ],
      "/Users/GordonDiggs/cc/ruby-test-reporter/spec/code_climate/test_reporter/formatter_spec.rb": [
        1,
        1,
        null,
        1,
        1,
        1,
        1,
        1,
        1,
        1,
        null,
        null,
        null,
        null,
        null,
        null,
        null,
        null,
        null,
        1,
        null,
        null,
        null,
        null,
        null,
        null,
        null,
        null,
        null,
        null,
        null,
        null,
        null,
        null,
        null,
        null,
        null,
        null,
        null,
        null,
        null,
        null,
        null,
        null,
        null,
        null,
        null,
        null,
        null,
        null,
        null,
        1,
        1,
        1,
        1,
        1,
        null,
        null,
        1,
        null,
        null,
        null
      ],
      "/Users/GordonDiggs/cc/ruby-test-reporter/spec/code_climate/test_reporter/git_spec.rb": [
        1,
        null,
        1,
        1,
        1,
        1,
        1,
        null,
        null,
        null,
        null,
        null,
        1,
        null,
        null,
        null,
        1,
        1,
        1,
        null,
        1,
        1,
        null,
        1,
        null,
        null,
        1,
        1,
        1,
        null,
        null,
        1,
        1,
        null,
        null,
        1,
        3,
        null,
        null,
        1,
        1,
        null,
        null,
        1,
        1,
        1,
        null,
        null,
        1,
        1,
        1,
        2,
        null,
        null,
        1,
        1,
        null,
        null,
        null,
        null,
        1,
        1,
        1,
        null,
        1,
        null,
        null,
        1,
        1,
        null,
        1,
        null,
        null,
        1,
        1,
        1,
        null,
        1,
        null,
        null,
        null,
        1,
        1,
        1,
        null,
        null,
        1,
        1,
        1,
        null,
        1,
        null,
        null,
        1,
        1,
        1,
        null,
        1,
        null,
        null,
        null,
        null,
        null
      ],
      "/Users/GordonDiggs/cc/ruby-test-reporter/spec/code_climate/test_reporter/payload_validator_spec.rb": [
        1,
        null,
        1,
        1,
        1,
        null,
        null,
        null,
        null,
        null,
        null,
        null,
        null,
        null,
        11,
        null,
        null,
        1,
        1,
        1,
        null,
        null,
        null,
        1,
        1,
        1,
        1,
        null,
        null,
        null,
        1,
        1,
        1,
        1,
        1,
        1,
        null,
        null,
        null,
        1,
        1,
        1,
        1,
        1,
        1,
        null,
        null,
        null,
        1,
        1,
        1,
        1,
        null,
        null,
        null,
        1,
        1,
        1,
        1,
        null,
        null,
        null,
        1,
        1,
        1,
        1,
        null,
        null,
        null,
        1,
        1,
        1,
        1,
        null,
        null,
        null,
        1,
        1,
        1,
        1,
        null,
        null,
        null,
        1,
        1,
        1,
        1,
        null,
        null,
        null,
        1,
        1,
        1,
        1,
        null,
        null,
        null,
        null
      ],
      "/Users/GordonDiggs/cc/ruby-test-reporter/spec/code_climate/test_reporter/shorten_filename_spec.rb": [
        1,
        1,
        null,
        1,
        1,
        4,
        4,
        2,
        4,
        null,
        1,
        4,
        null,
        null,
        1,
        1,
        1,
        1,
        null,
        null,
        1,
        2,
        null,
        1,
        1,
        1,
        null,
        null,
        null,
        1,
        1,
        1,
        1,
        null,
        null,
        null,
        1,
        1,
        1,
        null,
        null,
        null,
        1,
        1,
        1,
        null,
        null,
        null,
        1,
        1,
        null,
        null,
        null,
        null
      ],
      "/Users/GordonDiggs/cc/ruby-test-reporter/spec/code_climate/test_reporter_spec.rb": [
        1,
        null,
        1,
        5,
        5,
        null,
        1,
        4,
        null,
        null,
        1,
        1,
        1,
        1,
        null,
        null,
        1,
        1,
        1,
        null,
        1,
        null,
        null,
        1,
        1,
        1,
        null,
        1,
        null,
        null,
        1,
        1,
        null,
        1,
        1,
        null,
        1,
        null,
        null,
        null,
        null
      ]
    },
    "timestamp": 1488816262
  }
}
