{"/Users/GordonDiggs/cc/javascript-test-reporter/formatter.js":{"path":"/Users/GordonDiggs/cc/javascript-test-reporter/formatter.js","s":{"1":1,"2":1,"3":1,"4":1,"5":1,"6":1,"7":1,"8":1,"9":1,"10":1,"11":1,"12":5,"13":1,"14":2,"15":1,"16":1,"17":1,"18":0,"19":1,"20":2,"21":2,"22":2,"23":0,"24":2,"25":2,"26":2,"27":0,"28":2,"29":2,"30":1,"31":2,"32":2,"33":2,"34":5,"35":5,"36":5,"37":5,"38":5,"39":5,"40":0,"41":5,"42":5,"43":5,"44":5,"45":5,"46":817,"47":5,"48":5,"49":0,"50":5,"51":2,"52":1},"b":{"1":[1,0],"2":[5,0],"3":[1,1],"4":[1,0],"5":[0,2],"6":[0,2],"7":[5,0],"8":[0,5]},"f":{"1":1,"2":5,"3":2,"4":2,"5":2,"6":2,"7":2,"8":5,"9":5,"10":817},"fnMap":{"1":{"name":"Formatter","line":10,"loc":{"start":{"line":10,"column":0},"end":{"line":10,"column":28}}},"2":{"name":"(anonymous_2)","line":14,"loc":{"start":{"line":14,"column":36},"end":{"line":14,"column":47}}},"3":{"name":"(anonymous_3)","line":18,"loc":{"start":{"line":18,"column":28},"end":{"line":18,"column":53}}},"4":{"name":"(anonymous_4)","line":28,"loc":{"start":{"line":28,"column":29},"end":{"line":28,"column":62}}},"5":{"name":"(anonymous_5)","line":31,"loc":{"start":{"line":31,"column":27},"end":{"line":31,"column":54}}},"6":{"name":"(anonymous_6)","line":51,"loc":{"start":{"line":51,"column":4},"end":{"line":51,"column":27}}},"7":{"name":"(anonymous_7)","line":65,"loc":{"start":{"line":65,"column":34},"end":{"line":65,"column":49}}},"8":{"name":"(anonymous_8)","line":68,"loc":{"start":{"line":68,"column":15},"end":{"line":68,"column":37}}},"9":{"name":"(anonymous_9)","line":83,"loc":{"start":{"line":83,"column":21},"end":{"line":83,"column":48}}},"10":{"name":"(anonymous_10)","line":86,"loc":{"start":{"line":86,"column":31},"end":{"line":86,"column":52}}}},"statementMap":{"1":{"start":{"line":1,"column":0},"end":{"line":1,"column":38}},"2":{"start":{"line":2,"column":0},"end":{"line":2,"column":27}},"3":{"start":{"line":3,"column":0},"end":{"line":3,"column":23}},"4":{"start":{"line":4,"column":0},"end":{"line":4,"column":38}},"5":{"start":{"line":5,"column":0},"end":{"line":5,"column":33}},"6":{"start":{"line":6,"column":0},"end":{"line":6,"column":31}},"7":{"start":{"line":7,"column":0},"end":{"line":7,"column":29}},"8":{"start":{"line":8,"column":0},"end":{"line":8,"column":46}},"9":{"start":{"line":10,"column":0},"end":{"line":12,"column":1}},"10":{"start":{"line":11,"column":2},"end":{"line":11,"column":31}},"11":{"start":{"line":14,"column":0},"end":{"line":16,"column":2}},"12":{"start":{"line":15,"column":2},"end":{"line":15,"column":53}},"13":{"start":{"line":18,"column":0},"end":{"line":26,"column":1}},"14":{"start":{"line":19,"column":4},"end":{"line":25,"column":5}},"15":{"start":{"line":20,"column":8},"end":{"line":20,"column":34}},"16":{"start":{"line":21,"column":11},"end":{"line":25,"column":5}},"17":{"start":{"line":22,"column":8},"end":{"line":22,"column":37}},"18":{"start":{"line":24,"column":8},"end":{"line":24,"column":56}},"19":{"start":{"line":28,"column":0},"end":{"line":63,"column":2}},"20":{"start":{"line":29,"column":2},"end":{"line":29,"column":18}},"21":{"start":{"line":31,"column":2},"end":{"line":62,"column":5}},"22":{"start":{"line":32,"column":4},"end":{"line":34,"column":5}},"23":{"start":{"line":33,"column":6},"end":{"line":33,"column":23}},"24":{"start":{"line":36,"column":4},"end":{"line":45,"column":6}},"25":{"start":{"line":46,"column":4},"end":{"line":61,"column":7}},"26":{"start":{"line":52,"column":6},"end":{"line":54,"column":7}},"27":{"start":{"line":53,"column":8},"end":{"line":53,"column":35}},"28":{"start":{"line":55,"column":6},"end":{"line":59,"column":8}},"29":{"start":{"line":60,"column":6},"end":{"line":60,"column":42}},"30":{"start":{"line":65,"column":0},"end":{"line":102,"column":2}},"31":{"start":{"line":66,"column":2},"end":{"line":66,"column":24}},"32":{"start":{"line":67,"column":2},"end":{"line":67,"column":18}},"33":{"start":{"line":68,"column":2},"end":{"line":100,"column":5}},"34":{"start":{"line":69,"column":4},"end":{"line":69,"column":16}},"35":{"start":{"line":70,"column":4},"end":{"line":79,"column":5}},"36":{"start":{"line":71,"column":6},"end":{"line":71,"column":54}},"37":{"start":{"line":73,"column":6},"end":{"line":78,"column":7}},"38":{"start":{"line":74,"column":8},"end":{"line":74,"column":86}},"39":{"start":{"line":75,"column":8},"end":{"line":75,"column":21}},"40":{"start":{"line":77,"column":8},"end":{"line":77,"column":16}},"41":{"start":{"line":80,"column":4},"end":{"line":80,"column":44}},"42":{"start":{"line":82,"column":4},"end":{"line":82,"column":39}},"43":{"start":{"line":83,"column":4},"end":{"line":85,"column":7}},"44":{"start":{"line":84,"column":6},"end":{"line":84,"column":24}},"45":{"start":{"line":86,"column":4},"end":{"line":88,"column":7}},"46":{"start":{"line":87,"column":6},"end":{"line":87,"column":53}},"47":{"start":{"line":90,"column":4},"end":{"line":90,"column":66}},"48":{"start":{"line":91,"column":4},"end":{"line":93,"column":5}},"49":{"start":{"line":92,"column":6},"end":{"line":92,"column":52}},"50":{"start":{"line":95,"column":4},"end":{"line":99,"column":7}},"51":{"start":{"line":101,"column":2},"end":{"line":101,"column":22}},"52":{"start":{"line":104,"column":0},"end":{"line":104,"column":27}}},"branchMap":{"1":{"line":11,"type":"binary-expr","locations":[{"start":{"line":11,"column":17},"end":{"line":11,"column":24}},{"start":{"line":11,"column":28},"end":{"line":11,"column":30}}]},"2":{"line":15,"type":"binary-expr","locations":[{"start":{"line":15,"column":9},"end":{"line":15,"column":35}},{"start":{"line":15,"column":39},"end":{"line":15,"column":52}}]},"3":{"line":19,"type":"if","locations":[{"start":{"line":19,"column":4},"end":{"line":19,"column":4}},{"start":{"line":19,"column":4},"end":{"line":19,"column":4}}]},"4":{"line":21,"type":"if","locations":[{"start":{"line":21,"column":11},"end":{"line":21,"column":11}},{"start":{"line":21,"column":11},"end":{"line":21,"column":11}}]},"5":{"line":32,"type":"if","locations":[{"start":{"line":32,"column":4},"end":{"line":32,"column":4}},{"start":{"line":32,"column":4},"end":{"line":32,"column":4}}]},"6":{"line":52,"type":"if","locations":[{"start":{"line":52,"column":6},"end":{"line":52,"column":6}},{"start":{"line":52,"column":6},"end":{"line":52,"column":6}}]},"7":{"line":73,"type":"if","locations":[{"start":{"line":73,"column":6},"end":{"line":73,"column":6}},{"start":{"line":73,"column":6},"end":{"line":73,"column":6}}]},"8":{"line":91,"type":"if","locations":[{"start":{"line":91,"column":4},"end":{"line":91,"column":4}},{"start":{"line":91,"column":4},"end":{"line":91,"column":4}}]}}},"/Users/GordonDiggs/cc/javascript-test-reporter/git_info.js":{"path":"/Users/GordonDiggs/cc/javascript-test-reporter/git_info.js","s":{"1":1,"2":1,"3":1,"4":5,"5":5,"6":5,"7":5,"8":5,"9":1,"10":2,"11":2,"12":2,"13":2,"14":2,"15":2,"16":2,"17":2,"18":2,"19":2,"20":2,"21":2,"22":2,"23":2,"24":2,"25":4,"26":2,"27":2,"28":2,"29":2,"30":5,"31":5,"32":5,"33":5,"34":0,"35":5,"36":5},"b":{"1":[2,0],"2":[2,0],"3":[2,2],"4":[2,0],"5":[2,2],"6":[2,0],"7":[0,5]},"f":{"1":5,"2":2,"3":2,"4":2,"5":2,"6":2,"7":2,"8":4,"9":5},"fnMap":{"1":{"name":"calculateBlobId","line":4,"loc":{"start":{"line":4,"column":0},"end":{"line":4,"column":34}}},"2":{"name":"(anonymous_2)","line":14,"loc":{"start":{"line":14,"column":8},"end":{"line":14,"column":21}}},"3":{"name":"(anonymous_3)","line":15,"loc":{"start":{"line":15,"column":55},"end":{"line":15,"column":88}}},"4":{"name":"(anonymous_4)","line":20,"loc":{"start":{"line":20,"column":15},"end":{"line":20,"column":28}}},"5":{"name":"(anonymous_5)","line":21,"loc":{"start":{"line":21,"column":56},"end":{"line":21,"column":89}}},"6":{"name":"(anonymous_6)","line":34,"loc":{"start":{"line":34,"column":10},"end":{"line":34,"column":23}}},"7":{"name":"(anonymous_7)","line":35,"loc":{"start":{"line":35,"column":36},"end":{"line":35,"column":69}}},"8":{"name":"(anonymous_8)","line":39,"loc":{"start":{"line":39,"column":25},"end":{"line":39,"column":39}}},"9":{"name":"(anonymous_9)","line":54,"loc":{"start":{"line":54,"column":10},"end":{"line":54,"column":34}}}},"statementMap":{"1":{"start":{"line":1,"column":0},"end":{"line":1,"column":31}},"2":{"start":{"line":2,"column":0},"end":{"line":2,"column":44}},"3":{"start":{"line":4,"column":0},"end":{"line":10,"column":1}},"4":{"start":{"line":5,"column":2},"end":{"line":5,"column":48}},"5":{"start":{"line":6,"column":2},"end":{"line":6,"column":33}},"6":{"start":{"line":7,"column":2},"end":{"line":7,"column":42}},"7":{"start":{"line":8,"column":2},"end":{"line":8,"column":23}},"8":{"start":{"line":9,"column":2},"end":{"line":9,"column":30}},"9":{"start":{"line":12,"column":0},"end":{"line":69,"column":2}},"10":{"start":{"line":15,"column":4},"end":{"line":17,"column":7}},"11":{"start":{"line":16,"column":6},"end":{"line":16,"column":31}},"12":{"start":{"line":21,"column":4},"end":{"line":31,"column":7}},"13":{"start":{"line":22,"column":6},"end":{"line":22,"column":24}},"14":{"start":{"line":23,"column":6},"end":{"line":23,"column":27}},"15":{"start":{"line":24,"column":6},"end":{"line":29,"column":7}},"16":{"start":{"line":25,"column":8},"end":{"line":25,"column":41}},"17":{"start":{"line":26,"column":8},"end":{"line":28,"column":9}},"18":{"start":{"line":27,"column":10},"end":{"line":27,"column":29}},"19":{"start":{"line":30,"column":6},"end":{"line":30,"column":31}},"20":{"start":{"line":35,"column":4},"end":{"line":49,"column":7}},"21":{"start":{"line":36,"column":6},"end":{"line":36,"column":30}},"22":{"start":{"line":37,"column":6},"end":{"line":47,"column":7}},"23":{"start":{"line":38,"column":8},"end":{"line":38,"column":42}},"24":{"start":{"line":39,"column":8},"end":{"line":43,"column":11}},"25":{"start":{"line":40,"column":10},"end":{"line":42,"column":11}},"26":{"start":{"line":41,"column":12},"end":{"line":41,"column":31}},"27":{"start":{"line":44,"column":8},"end":{"line":46,"column":9}},"28":{"start":{"line":45,"column":10},"end":{"line":45,"column":56}},"29":{"start":{"line":48,"column":6},"end":{"line":48,"column":37}},"30":{"start":{"line":55,"column":4},"end":{"line":55,"column":36}},"31":{"start":{"line":57,"column":4},"end":{"line":59,"column":19}},"32":{"start":{"line":58,"column":6},"end":{"line":58,"column":98}},"33":{"start":{"line":61,"column":4},"end":{"line":65,"column":5}},"34":{"start":{"line":62,"column":6},"end":{"line":62,"column":46}},"35":{"start":{"line":64,"column":6},"end":{"line":64,"column":46}},"36":{"start":{"line":67,"column":4},"end":{"line":67,"column":24}}},"branchMap":{"1":{"line":24,"type":"if","locations":[{"start":{"line":24,"column":6},"end":{"line":24,"column":6}},{"start":{"line":24,"column":6},"end":{"line":24,"column":6}}]},"2":{"line":26,"type":"if","locations":[{"start":{"line":26,"column":8},"end":{"line":26,"column":8}},{"start":{"line":26,"column":8},"end":{"line":26,"column":8}}]},"3":{"line":26,"type":"binary-expr","locations":[{"start":{"line":26,"column":12},"end":{"line":26,"column":29}},{"start":{"line":26,"column":33},"end":{"line":26,"column":48}}]},"4":{"line":37,"type":"if","locations":[{"start":{"line":37,"column":6},"end":{"line":37,"column":6}},{"start":{"line":37,"column":6},"end":{"line":37,"column":6}}]},"5":{"line":40,"type":"if","locations":[{"start":{"line":40,"column":10},"end":{"line":40,"column":10}},{"start":{"line":40,"column":10},"end":{"line":40,"column":10}}]},"6":{"line":44,"type":"if","locations":[{"start":{"line":44,"column":8},"end":{"line":44,"column":8}},{"start":{"line":44,"column":8},"end":{"line":44,"column":8}}]},"7":{"line":61,"type":"if","locations":[{"start":{"line":61,"column":4},"end":{"line":61,"column":4}},{"start":{"line":61,"column":4},"end":{"line":61,"column":4}}]}}},"/Users/GordonDiggs/cc/javascript-test-reporter/ci_info.js":{"path":"/Users/GordonDiggs/cc/javascript-test-reporter/ci_info.js","s":{"1":1,"2":6,"3":6,"4":1,"5":5,"6":0,"7":5,"8":0,"9":5,"10":0,"11":5,"12":0,"13":5,"14":0,"15":5,"16":0,"17":5,"18":1,"19":4,"20":1,"21":3,"22":1,"23":2},"b":{"1":[1,5],"2":[0,5],"3":[0,5],"4":[0,5],"5":[0,5],"6":[0,5],"7":[0,5],"8":[5,0],"9":[1,4],"10":[1,3],"11":[1,2]},"f":{"1":6},"fnMap":{"1":{"name":"(anonymous_1)","line":2,"loc":{"start":{"line":2,"column":11},"end":{"line":2,"column":22}}}},"statementMap":{"1":{"start":{"line":1,"column":0},"end":{"line":82,"column":2}},"2":{"start":{"line":3,"column":4},"end":{"line":3,"column":26}},"3":{"start":{"line":5,"column":4},"end":{"line":80,"column":5}},"4":{"start":{"line":6,"column":6},"end":{"line":11,"column":8}},"5":{"start":{"line":12,"column":11},"end":{"line":80,"column":5}},"6":{"start":{"line":13,"column":6},"end":{"line":18,"column":8}},"7":{"start":{"line":19,"column":11},"end":{"line":80,"column":5}},"8":{"start":{"line":20,"column":6},"end":{"line":24,"column":8}},"9":{"start":{"line":25,"column":11},"end":{"line":80,"column":5}},"10":{"start":{"line":26,"column":6},"end":{"line":32,"column":8}},"11":{"start":{"line":33,"column":11},"end":{"line":80,"column":5}},"12":{"start":{"line":34,"column":6},"end":{"line":38,"column":8}},"13":{"start":{"line":39,"column":11},"end":{"line":80,"column":5}},"14":{"start":{"line":40,"column":6},"end":{"line":46,"column":8}},"15":{"start":{"line":47,"column":11},"end":{"line":80,"column":5}},"16":{"start":{"line":48,"column":6},"end":{"line":54,"column":8}},"17":{"start":{"line":55,"column":11},"end":{"line":80,"column":5}},"18":{"start":{"line":56,"column":6},"end":{"line":62,"column":8}},"19":{"start":{"line":63,"column":11},"end":{"line":80,"column":5}},"20":{"start":{"line":64,"column":6},"end":{"line":70,"column":8}},"21":{"start":{"line":71,"column":11},"end":{"line":80,"column":5}},"22":{"start":{"line":72,"column":6},"end":{"line":77,"column":8}},"23":{"start":{"line":79,"column":6},"end":{"line":79,"column":16}}},"branchMap":{"1":{"line":5,"type":"if","locations":[{"start":{"line":5,"column":4},"end":{"line":5,"column":4}},{"start":{"line":5,"column":4},"end":{"line":5,"column":4}}]},"2":{"line":12,"type":"if","locations":[{"start":{"line":12,"column":11},"end":{"line":12,"column":11}},{"start":{"line":12,"column":11},"end":{"line":12,"column":11}}]},"3":{"line":19,"type":"if","locations":[{"start":{"line":19,"column":11},"end":{"line":19,"column":11}},{"start":{"line":19,"column":11},"end":{"line":19,"column":11}}]},"4":{"line":25,"type":"if","locations":[{"start":{"line":25,"column":11},"end":{"line":25,"column":11}},{"start":{"line":25,"column":11},"end":{"line":25,"column":11}}]},"5":{"line":33,"type":"if","locations":[{"start":{"line":33,"column":11},"end":{"line":33,"column":11}},{"start":{"line":33,"column":11},"end":{"line":33,"column":11}}]},"6":{"line":39,"type":"if","locations":[{"start":{"line":39,"column":11},"end":{"line":39,"column":11}},{"start":{"line":39,"column":11},"end":{"line":39,"column":11}}]},"7":{"line":47,"type":"if","locations":[{"start":{"line":47,"column":11},"end":{"line":47,"column":11}},{"start":{"line":47,"column":11},"end":{"line":47,"column":11}}]},"8":{"line":47,"type":"binary-expr","locations":[{"start":{"line":47,"column":15},"end":{"line":47,"column":26}},{"start":{"line":47,"column":30},"end":{"line":47,"column":60}}]},"9":{"line":55,"type":"if","locations":[{"start":{"line":55,"column":11},"end":{"line":55,"column":11}},{"start":{"line":55,"column":11},"end":{"line":55,"column":11}}]},"10":{"line":63,"type":"if","locations":[{"start":{"line":63,"column":11},"end":{"line":63,"column":11}},{"start":{"line":63,"column":11},"end":{"line":63,"column":11}}]},"11":{"line":71,"type":"if","locations":[{"start":{"line":71,"column":11},"end":{"line":71,"column":11}},{"start":{"line":71,"column":11},"end":{"line":71,"column":11}}]}}},"/Users/GordonDiggs/cc/javascript-test-reporter/gocover_parse.js":{"path":"/Users/GordonDiggs/cc/javascript-test-reporter/gocover_parse.js","s":{"1":1,"2":1,"3":1,"4":1,"5":1,"6":1,"7":272,"8":272,"9":1,"10":271,"11":271,"12":271,"13":271,"14":271,"15":3,"16":3,"17":271,"18":271,"19":271,"20":795,"21":1},"b":{"1":[1,271],"2":[3,268]},"f":{"1":1,"2":272},"fnMap":{"1":{"name":"(anonymous_1)","line":3,"loc":{"start":{"line":3,"column":17},"end":{"line":3,"column":36}}},"2":{"name":"(anonymous_2)","line":12,"loc":{"start":{"line":12,"column":16},"end":{"line":12,"column":31}}}},"statementMap":{"1":{"start":{"line":3,"column":0},"end":{"line":49,"column":1}},"2":{"start":{"line":4,"column":2},"end":{"line":4,"column":16}},"3":{"start":{"line":5,"column":2},"end":{"line":5,"column":22}},"4":{"start":{"line":7,"column":2},"end":{"line":7,"column":31}},"5":{"start":{"line":10,"column":2},"end":{"line":10,"column":16}},"6":{"start":{"line":12,"column":2},"end":{"line":46,"column":5}},"7":{"start":{"line":15,"column":4},"end":{"line":15,"column":65}},"8":{"start":{"line":16,"column":4},"end":{"line":18,"column":5}},"9":{"start":{"line":17,"column":6},"end":{"line":17,"column":13}},"10":{"start":{"line":22,"column":4},"end":{"line":22,"column":58}},"11":{"start":{"line":23,"column":4},"end":{"line":23,"column":28}},"12":{"start":{"line":24,"column":4},"end":{"line":24,"column":26}},"13":{"start":{"line":25,"column":4},"end":{"line":25,"column":27}},"14":{"start":{"line":27,"column":4},"end":{"line":35,"column":5}},"15":{"start":{"line":28,"column":6},"end":{"line":33,"column":7}},"16":{"start":{"line":34,"column":6},"end":{"line":34,"column":37}},"17":{"start":{"line":37,"column":4},"end":{"line":37,"column":40}},"18":{"start":{"line":39,"column":4},"end":{"line":39,"column":22}},"19":{"start":{"line":40,"column":4},"end":{"line":45,"column":5}},"20":{"start":{"line":41,"column":6},"end":{"line":44,"column":8}},"21":{"start":{"line":48,"column":2},"end":{"line":48,"column":23}}},"branchMap":{"1":{"line":16,"type":"if","locations":[{"start":{"line":16,"column":4},"end":{"line":16,"column":4}},{"start":{"line":16,"column":4},"end":{"line":16,"column":4}}]},"2":{"line":27,"type":"if","locations":[{"start":{"line":27,"column":4},"end":{"line":27,"column":4}},{"start":{"line":27,"column":4},"end":{"line":27,"column":4}}]}}}}