TN:
SF:/Users/GordonDiggs/cc/javascript-test-reporter/formatter.js
FN:10,Formatter
FN:14,(anonymous_2)
FN:18,(anonymous_3)
FN:28,(anonymous_4)
FN:31,(anonymous_5)
FN:51,(anonymous_6)
FN:65,(anonymous_7)
FN:68,(anonymous_8)
FN:83,(anonymous_9)
FN:86,(anonymous_10)
FNF:10
FNH:10
FNDA:1,Formatter
FNDA:5,(anonymous_2)
FNDA:2,(anonymous_3)
FNDA:2,(anonymous_4)
FNDA:2,(anonymous_5)
FNDA:2,(anonymous_6)
FNDA:2,(anonymous_7)
FNDA:5,(anonymous_8)
FNDA:5,(anonymous_9)
FNDA:817,(anonymous_10)
DA:1,1
DA:2,1
DA:3,1
DA:4,1
DA:5,1
DA:6,1
DA:7,1
DA:8,1
DA:10,1
DA:11,1
DA:14,1
DA:15,5
DA:18,1
DA:19,2
DA:20,1
DA:21,1
DA:22,1
DA:24,0
DA:28,1
DA:29,2
DA:31,2
DA:32,2
DA:33,0
DA:36,2
DA:46,2
DA:52,2
DA:53,0
DA:55,2
DA:60,2
DA:65,1
DA:66,2
DA:67,2
DA:68,2
DA:69,5
DA:70,5
DA:71,5
DA:73,5
DA:74,5
DA:75,5
DA:77,0
DA:80,5
DA:82,5
DA:83,5
DA:84,5
DA:86,5
DA:87,817
DA:90,5
DA:91,5
DA:92,0
DA:95,5
DA:101,2
DA:104,1
LF:52
LH:47
BRDA:11,1,0,1
BRDA:11,1,1,0
BRDA:15,2,0,5
BRDA:15,2,1,0
BRDA:19,3,0,1
BRDA:19,3,1,1
BRDA:21,4,0,1
BRDA:21,4,1,0
BRDA:32,5,0,0
BRDA:32,5,1,2
BRDA:52,6,0,0
BRDA:52,6,1,2
BRDA:73,7,0,5
BRDA:73,7,1,0
BRDA:91,8,0,0
BRDA:91,8,1,5
BRF:16
BRH:9
end_of_record
TN:
SF:/Users/GordonDiggs/cc/javascript-test-reporter/git_info.js
FN:4,calculateBlobId
FN:14,(anonymous_2)
FN:15,(anonymous_3)
FN:20,(anonymous_4)
FN:21,(anonymous_5)
FN:34,(anonymous_6)
FN:35,(anonymous_7)
FN:39,(anonymous_8)
FN:54,(anonymous_9)
FNF:9
FNH:9
FNDA:5,calculateBlobId
FNDA:2,(anonymous_2)
FNDA:2,(anonymous_3)
FNDA:2,(anonymous_4)
FNDA:2,(anonymous_5)
FNDA:2,(anonymous_6)
FNDA:2,(anonymous_7)
FNDA:4,(anonymous_8)
FNDA:5,(anonymous_9)
DA:1,1
DA:2,1
DA:4,1
DA:5,5
DA:6,5
DA:7,5
DA:8,5
DA:9,5
DA:12,1
DA:15,2
DA:16,2
DA:21,2
DA:22,2
DA:23,2
DA:24,2
DA:25,2
DA:26,2
DA:27,2
DA:30,2
DA:35,2
DA:36,2
DA:37,2
DA:38,2
DA:39,2
DA:40,4
DA:41,2
DA:44,2
DA:45,2
DA:48,2
DA:55,5
DA:57,5
DA:58,5
DA:61,5
DA:62,0
DA:64,5
DA:67,5
LF:36
LH:35
BRDA:24,1,0,2
BRDA:24,1,1,0
BRDA:26,2,0,2
BRDA:26,2,1,0
BRDA:26,3,0,2
BRDA:26,3,1,2
BRDA:37,4,0,2
BRDA:37,4,1,0
BRDA:40,5,0,2
BRDA:40,5,1,2
BRDA:44,6,0,2
BRDA:44,6,1,0
BRDA:61,7,0,0
BRDA:61,7,1,5
BRF:14
BRH:9
end_of_record
TN:
SF:/Users/GordonDiggs/cc/javascript-test-reporter/ci_info.js
FN:2,(anonymous_1)
FNF:1
FNH:1
FNDA:6,(anonymous_1)
DA:1,1
DA:3,6
DA:5,6
DA:6,1
DA:12,5
DA:13,0
DA:19,5
DA:20,0
DA:25,5
DA:26,0
DA:33,5
DA:34,0
DA:39,5
DA:40,0
DA:47,5
DA:48,0
DA:55,5
DA:56,1
DA:63,4
DA:64,1
DA:71,3
DA:72,1
DA:79,2
LF:23
LH:17
BRDA:5,1,0,1
BRDA:5,1,1,5
BRDA:12,2,0,0
BRDA:12,2,1,5
BRDA:19,3,0,0
BRDA:19,3,1,5
BRDA:25,4,0,0
BRDA:25,4,1,5
BRDA:33,5,0,0
BRDA:33,5,1,5
BRDA:39,6,0,0
BRDA:39,6,1,5
BRDA:47,7,0,0
BRDA:47,7,1,5
BRDA:47,8,0,5
BRDA:47,8,1,0
BRDA:55,9,0,1
BRDA:55,9,1,4
BRDA:63,10,0,1
BRDA:63,10,1,3
BRDA:71,11,0,1
BRDA:71,11,1,2
BRF:22
BRH:15
end_of_record
TN:
SF:/Users/GordonDiggs/cc/javascript-test-reporter/gocover_parse.js
FN:3,(anonymous_1)
FN:12,(anonymous_2)
FNF:2
FNH:2
FNDA:1,(anonymous_1)
FNDA:272,(anonymous_2)
DA:3,1
DA:4,1
DA:5,1
DA:7,1
DA:10,1
DA:12,1
DA:15,272
DA:16,272
DA:17,1
DA:22,271
DA:23,271
DA:24,271
DA:25,271
DA:27,271
DA:28,3
DA:34,3
DA:37,271
DA:39,271
DA:40,271
DA:41,795
DA:48,1
LF:21
LH:21
BRDA:16,1,0,1
BRDA:16,1,1,271
BRDA:27,2,0,3
BRDA:27,2,1,268
BRF:4
BRH:4
end_of_record
