<?xml version="1.0" encoding="UTF-8"?>
<coverage generated="1488815989">
  <project timestamp="1488815989">
    <package name="CodeClimate\PhpTestReporter">
      <file name="/Users/GordonDiggs/cc/php-test-reporter/src/Application.php">
        <class name="Application" namespace="CodeClimate\PhpTestReporter">
          <metrics methods="4" coveredmethods="4" conditionals="0" coveredconditionals="0" statements="8" coveredstatements="8" elements="12" coveredelements="12"/>
        </class>
        <line num="16" type="method" name="getCommandName" crap="1" count="1"/>
        <line num="18" type="stmt" count="1"/>
        <line num="21" type="method" name="getDefaultCommands" crap="1" count="1"/>
        <line num="25" type="stmt" count="1"/>
        <line num="26" type="stmt" count="1"/>
        <line num="28" type="stmt" count="1"/>
        <line num="35" type="method" name="createUploadCommand" crap="1" count="1"/>
        <line num="37" type="stmt" count="1"/>
        <line num="42" type="method" name="getDefinition" crap="1" count="1"/>
        <line num="44" type="stmt" count="1"/>
        <line num="46" type="stmt" count="1"/>
        <line num="48" type="stmt" count="1"/>
        <metrics loc="50" ncloc="32" classes="1" methods="4" coveredmethods="4" conditionals="0" coveredconditionals="0" statements="8" coveredstatements="8" elements="12" coveredelements="12"/>
      </file>
    </package>
    <package name="CodeClimate\PhpTestReporter\ConsoleCommands">
      <file name="/Users/GordonDiggs/cc/php-test-reporter/src/ConsoleCommands/RollbackCommand.php">
        <class name="RollbackCommand" namespace="CodeClimate\PhpTestReporter\ConsoleCommands" fullPackage="CodeClimate" package="CodeClimate">
          <metrics methods="2" coveredmethods="0" conditionals="0" coveredconditionals="0" statements="18" coveredstatements="0" elements="20" coveredelements="0"/>
        </class>
        <line num="22" type="method" name="configure" crap="2" count="0"/>
        <line num="23" type="stmt" count="0"/>
        <line num="24" type="stmt" count="0"/>
        <line num="25" type="stmt" count="0"/>
        <line num="27" type="method" name="execute" crap="6" count="0"/>
        <line num="28" type="stmt" count="0"/>
        <line num="29" type="stmt" count="0"/>
        <line num="30" type="stmt" count="0"/>
        <line num="31" type="stmt" count="0"/>
        <line num="34" type="stmt" count="0"/>
        <line num="36" type="stmt" count="0"/>
        <line num="37" type="stmt" count="0"/>
        <line num="38" type="stmt" count="0"/>
        <line num="40" type="stmt" count="0"/>
        <line num="41" type="stmt" count="0"/>
        <line num="42" type="stmt" count="0"/>
        <line num="43" type="stmt" count="0"/>
        <line num="44" type="stmt" count="0"/>
        <line num="46" type="stmt" count="0"/>
        <line num="47" type="stmt" count="0"/>
        <metrics loc="48" ncloc="40" classes="1" methods="2" coveredmethods="0" conditionals="0" coveredconditionals="0" statements="18" coveredstatements="0" elements="20" coveredelements="0"/>
      </file>
      <file name="/Users/GordonDiggs/cc/php-test-reporter/src/ConsoleCommands/SelfUpdateCommand.php">
        <class name="SelfUpdateCommand" namespace="CodeClimate\PhpTestReporter\ConsoleCommands" fullPackage="CodeClimate" package="CodeClimate">
          <metrics methods="2" coveredmethods="0" conditionals="0" coveredconditionals="0" statements="44" coveredstatements="0" elements="46" coveredelements="0"/>
        </class>
        <line num="24" type="method" name="configure" crap="2" count="0"/>
        <line num="25" type="stmt" count="0"/>
        <line num="26" type="stmt" count="0"/>
        <line num="27" type="stmt" count="0"/>
        <line num="29" type="stmt" count="0"/>
        <line num="30" type="stmt" count="0"/>
        <line num="31" type="stmt" count="0"/>
        <line num="32" type="stmt" count="0"/>
        <line num="33" type="stmt" count="0"/>
        <line num="34" type="stmt" count="0"/>
        <line num="35" type="stmt" count="0"/>
        <line num="36" type="stmt" count="0"/>
        <line num="37" type="stmt" count="0"/>
        <line num="38" type="stmt" count="0"/>
        <line num="39" type="stmt" count="0"/>
        <line num="40" type="stmt" count="0"/>
        <line num="41" type="stmt" count="0"/>
        <line num="43" type="method" name="execute" crap="30" count="0"/>
        <line num="44" type="stmt" count="0"/>
        <line num="45" type="stmt" count="0"/>
        <line num="46" type="stmt" count="0"/>
        <line num="49" type="stmt" count="0"/>
        <line num="51" type="stmt" count="0"/>
        <line num="52" type="stmt" count="0"/>
        <line num="53" type="stmt" count="0"/>
        <line num="55" type="stmt" count="0"/>
        <line num="56" type="stmt" count="0"/>
        <line num="58" type="stmt" count="0"/>
        <line num="59" type="stmt" count="0"/>
        <line num="60" type="stmt" count="0"/>
        <line num="62" type="stmt" count="0"/>
        <line num="63" type="stmt" count="0"/>
        <line num="65" type="stmt" count="0"/>
        <line num="66" type="stmt" count="0"/>
        <line num="67" type="stmt" count="0"/>
        <line num="68" type="stmt" count="0"/>
        <line num="69" type="stmt" count="0"/>
        <line num="70" type="stmt" count="0"/>
        <line num="71" type="stmt" count="0"/>
        <line num="72" type="stmt" count="0"/>
        <line num="74" type="stmt" count="0"/>
        <line num="75" type="stmt" count="0"/>
        <line num="76" type="stmt" count="0"/>
        <line num="78" type="stmt" count="0"/>
        <line num="79" type="stmt" count="0"/>
        <line num="80" type="stmt" count="0"/>
        <metrics loc="81" ncloc="73" classes="1" methods="2" coveredmethods="0" conditionals="0" coveredconditionals="0" statements="44" coveredstatements="0" elements="46" coveredelements="0"/>
      </file>
      <file name="/Users/GordonDiggs/cc/php-test-reporter/src/ConsoleCommands/UploadCommand.php">
        <class name="UploadCommand" namespace="CodeClimate\PhpTestReporter\ConsoleCommands">
          <metrics methods="2" coveredmethods="1" conditionals="0" coveredconditionals="0" statements="29" coveredstatements="18" elements="31" coveredelements="19"/>
        </class>
        <line num="17" type="method" name="configure" crap="1" count="1"/>
        <line num="20" type="stmt" count="1"/>
        <line num="21" type="stmt" count="1"/>
        <line num="22" type="stmt" count="1"/>
        <line num="23" type="stmt" count="1"/>
        <line num="24" type="stmt" count="1"/>
        <line num="25" type="stmt" count="1"/>
        <line num="27" type="stmt" count="1"/>
        <line num="28" type="stmt" count="1"/>
        <line num="29" type="stmt" count="1"/>
        <line num="30" type="stmt" count="1"/>
        <line num="31" type="stmt" count="1"/>
        <line num="32" type="stmt" count="1"/>
        <line num="34" type="stmt" count="1"/>
        <line num="36" type="method" name="execute" crap="9.20" count="1"/>
        <line num="38" type="stmt" count="1"/>
        <line num="39" type="stmt" count="1"/>
        <line num="41" type="stmt" count="1"/>
        <line num="42" type="stmt" count="1"/>
        <line num="44" type="stmt" count="1"/>
        <line num="47" type="stmt" count="0"/>
        <line num="48" type="stmt" count="0"/>
        <line num="50" type="stmt" count="0"/>
        <line num="51" type="stmt" count="0"/>
        <line num="53" type="stmt" count="0"/>
        <line num="56" type="stmt" count="0"/>
        <line num="57" type="stmt" count="0"/>
        <line num="59" type="stmt" count="0"/>
        <line num="62" type="stmt" count="0"/>
        <line num="63" type="stmt" count="0"/>
        <line num="65" type="stmt" count="0"/>
        <metrics loc="67" ncloc="64" classes="1" methods="2" coveredmethods="1" conditionals="0" coveredconditionals="0" statements="29" coveredstatements="18" elements="31" coveredelements="19"/>
      </file>
    </package>
    <package name="CodeClimate\PhpTestReporter\Constants">
      <file name="/Users/GordonDiggs/cc/php-test-reporter/src/Constants/PharTool.php">
        <class name="PharTool" namespace="CodeClimate\PhpTestReporter\Constants" fullPackage="CodeClimate" package="CodeClimate">
          <metrics methods="0" coveredmethods="0" conditionals="0" coveredconditionals="0" statements="0" coveredstatements="0" elements="0" coveredelements="0"/>
        </class>
        <metrics loc="17" ncloc="10" classes="1" methods="0" coveredmethods="0" conditionals="0" coveredconditionals="0" statements="0" coveredstatements="0" elements="0" coveredelements="0"/>
      </file>
      <file name="/Users/GordonDiggs/cc/php-test-reporter/src/Constants/Version.php">
        <class name="Version" namespace="CodeClimate\PhpTestReporter\Constants">
          <metrics methods="0" coveredmethods="0" conditionals="0" coveredconditionals="0" statements="0" coveredstatements="0" elements="0" coveredelements="0"/>
        </class>
        <metrics loc="16" ncloc="8" classes="1" methods="0" coveredmethods="0" conditionals="0" coveredconditionals="0" statements="0" coveredstatements="0" elements="0" coveredelements="0"/>
      </file>
    </package>
    <package name="CodeClimate\PhpTestReporter\System\Git">
      <file name="/Users/GordonDiggs/cc/php-test-reporter/src/System/Git/GitCommand.php">
        <class name="GitCommand" namespace="CodeClimate\PhpTestReporter\System\Git">
          <metrics methods="4" coveredmethods="3" conditionals="0" coveredconditionals="0" statements="14" coveredstatements="13" elements="18" coveredelements="16"/>
        </class>
        <line num="13" type="method" name="getGitInfo" crap="1" count="1"/>
        <line num="15" type="stmt" count="1"/>
        <line num="16" type="stmt" count="1"/>
        <line num="17" type="stmt" count="1"/>
        <line num="18" type="stmt" count="1"/>
        <line num="25" type="method" name="getHead" crap="1" count="1"/>
        <line num="27" type="stmt" count="1"/>
        <line num="29" type="stmt" count="1"/>
        <line num="35" type="method" name="getBranch" crap="3.04" count="1"/>
        <line num="37" type="stmt" count="1"/>
        <line num="38" type="stmt" count="1"/>
        <line num="40" type="stmt" count="1"/>
        <line num="41" type="stmt" count="1"/>
        <line num="42" type="stmt" count="1"/>
        <line num="46" type="stmt" count="0"/>
        <line num="52" type="method" name="getCommittedAt" crap="1" count="1"/>
        <line num="54" type="stmt" count="1"/>
        <line num="56" type="stmt" count="1"/>
        <metrics loc="58" ncloc="46" classes="1" methods="4" coveredmethods="3" conditionals="0" coveredconditionals="0" statements="14" coveredstatements="13" elements="18" coveredelements="16"/>
      </file>
      <file name="/Users/GordonDiggs/cc/php-test-reporter/src/System/Git/GitInfo.php">
        <class name="GitInfo" namespace="CodeClimate\PhpTestReporter\System\Git">
          <metrics methods="5" coveredmethods="5" conditionals="0" coveredconditionals="0" statements="10" coveredstatements="10" elements="15" coveredelements="15"/>
        </class>
        <line num="30" type="method" name="__construct" crap="1" count="3"/>
        <line num="32" type="stmt" count="3"/>
        <line num="33" type="stmt" count="3"/>
        <line num="34" type="stmt" count="3"/>
        <line num="35" type="stmt" count="3"/>
        <line num="37" type="method" name="head" crap="1" count="1"/>
        <line num="39" type="stmt" count="1"/>
        <line num="42" type="method" name="branch" crap="1" count="1"/>
        <line num="44" type="stmt" count="1"/>
        <line num="47" type="method" name="committedAt" crap="1" count="1"/>
        <line num="49" type="stmt" count="1"/>
        <line num="52" type="method" name="toArray" crap="1" count="2"/>
        <line num="55" type="stmt" count="2"/>
        <line num="56" type="stmt" count="2"/>
        <line num="57" type="stmt" count="2"/>
        <metrics loc="60" ncloc="43" classes="1" methods="5" coveredmethods="5" conditionals="0" coveredconditionals="0" statements="10" coveredstatements="10" elements="15" coveredelements="15"/>
      </file>
    </package>
    <file name="/Users/GordonDiggs/cc/php-test-reporter/src/System/Git/GitInfoInterface.php">
      <metrics loc="29" ncloc="14" classes="0" methods="0" coveredmethods="0" conditionals="0" coveredconditionals="0" statements="0" coveredstatements="0" elements="0" coveredelements="0"/>
    </file>
    <package name="CodeClimate\PhpTestReporter\TestReporter">
      <file name="/Users/GordonDiggs/cc/php-test-reporter/src/TestReporter/ApiClient.php">
        <class name="ApiClient" namespace="CodeClimate\PhpTestReporter\TestReporter">
          <metrics methods="4" coveredmethods="0" conditionals="0" coveredconditionals="0" statements="79" coveredstatements="0" elements="83" coveredelements="0"/>
        </class>
        <line num="16" type="method" name="__construct" crap="6" count="0"/>
        <line num="17" type="stmt" count="0"/>
        <line num="18" type="stmt" count="0"/>
        <line num="19" type="stmt" count="0"/>
        <line num="20" type="stmt" count="0"/>
        <line num="21" type="stmt" count="0"/>
        <line num="30" type="method" name="send" crap="12" count="0"/>
        <line num="31" type="stmt" count="0"/>
        <line num="32" type="stmt" count="0"/>
        <line num="33" type="stmt" count="0"/>
        <line num="34" type="stmt" count="0"/>
        <line num="35" type="stmt" count="0"/>
        <line num="36" type="stmt" count="0"/>
        <line num="37" type="stmt" count="0"/>
        <line num="38" type="stmt" count="0"/>
        <line num="39" type="stmt" count="0"/>
        <line num="40" type="stmt" count="0"/>
        <line num="41" type="stmt" count="0"/>
        <line num="42" type="stmt" count="0"/>
        <line num="43" type="stmt" count="0"/>
        <line num="44" type="stmt" count="0"/>
        <line num="45" type="stmt" count="0"/>
        <line num="46" type="stmt" count="0"/>
        <line num="47" type="stmt" count="0"/>
        <line num="48" type="stmt" count="0"/>
        <line num="50" type="stmt" count="0"/>
        <line num="51" type="stmt" count="0"/>
        <line num="52" type="stmt" count="0"/>
        <line num="53" type="stmt" count="0"/>
        <line num="55" type="stmt" count="0"/>
        <line num="56" type="stmt" count="0"/>
        <line num="57" type="stmt" count="0"/>
        <line num="58" type="stmt" count="0"/>
        <line num="59" type="stmt" count="0"/>
        <line num="60" type="stmt" count="0"/>
        <line num="62" type="stmt" count="0"/>
        <line num="63" type="stmt" count="0"/>
        <line num="74" type="method" name="sendWithCurl" crap="20" count="0"/>
        <line num="75" type="stmt" count="0"/>
        <line num="76" type="stmt" count="0"/>
        <line num="77" type="stmt" count="0"/>
        <line num="78" type="stmt" count="0"/>
        <line num="79" type="stmt" count="0"/>
        <line num="80" type="stmt" count="0"/>
        <line num="81" type="stmt" count="0"/>
        <line num="82" type="stmt" count="0"/>
        <line num="83" type="stmt" count="0"/>
        <line num="84" type="stmt" count="0"/>
        <line num="85" type="stmt" count="0"/>
        <line num="86" type="stmt" count="0"/>
        <line num="87" type="stmt" count="0"/>
        <line num="88" type="stmt" count="0"/>
        <line num="89" type="stmt" count="0"/>
        <line num="90" type="stmt" count="0"/>
        <line num="91" type="stmt" count="0"/>
        <line num="92" type="stmt" count="0"/>
        <line num="93" type="stmt" count="0"/>
        <line num="95" type="stmt" count="0"/>
        <line num="96" type="stmt" count="0"/>
        <line num="97" type="stmt" count="0"/>
        <line num="98" type="stmt" count="0"/>
        <line num="99" type="stmt" count="0"/>
        <line num="100" type="stmt" count="0"/>
        <line num="102" type="stmt" count="0"/>
        <line num="104" type="stmt" count="0"/>
        <line num="105" type="stmt" count="0"/>
        <line num="106" type="stmt" count="0"/>
        <line num="107" type="stmt" count="0"/>
        <line num="108" type="stmt" count="0"/>
        <line num="110" type="stmt" count="0"/>
        <line num="111" type="stmt" count="0"/>
        <line num="112" type="stmt" count="0"/>
        <line num="113" type="stmt" count="0"/>
        <line num="114" type="stmt" count="0"/>
        <line num="116" type="stmt" count="0"/>
        <line num="117" type="stmt" count="0"/>
        <line num="127" type="method" name="buildResponse" crap="2" count="0"/>
        <line num="128" type="stmt" count="0"/>
        <line num="129" type="stmt" count="0"/>
        <line num="130" type="stmt" count="0"/>
        <line num="131" type="stmt" count="0"/>
        <line num="133" type="stmt" count="0"/>
        <line num="134" type="stmt" count="0"/>
        <metrics loc="135" ncloc="105" classes="1" methods="4" coveredmethods="0" conditionals="0" coveredconditionals="0" statements="79" coveredstatements="0" elements="83" coveredelements="0"/>
      </file>
      <file name="/Users/GordonDiggs/cc/php-test-reporter/src/TestReporter/CoverageCollector.php">
        <class name="CoverageCollector" namespace="CodeClimate\PhpTestReporter\TestReporter">
          <metrics methods="4" coveredmethods="4" conditionals="0" coveredconditionals="0" statements="19" coveredstatements="19" elements="23" coveredelements="23"/>
        </class>
        <line num="26" type="method" name="__construct" crap="3" count="1"/>
        <line num="28" type="stmt" count="1"/>
        <line num="29" type="stmt" count="1"/>
        <line num="30" type="stmt" count="1"/>
        <line num="31" type="stmt" count="1"/>
        <line num="32" type="stmt" count="1"/>
        <line num="33" type="stmt" count="1"/>
        <line num="34" type="stmt" count="1"/>
        <line num="36" type="stmt" count="1"/>
        <line num="40" type="stmt" count="1"/>
        <line num="41" type="stmt" count="1"/>
        <line num="48" type="method" name="setCloverPaths" crap="1" count="1"/>
        <line num="50" type="stmt" count="1"/>
        <line num="51" type="stmt" count="1"/>
        <line num="57" type="method" name="getCloverPaths" crap="1" count="1"/>
        <line num="59" type="stmt" count="1"/>
        <line num="65" type="method" name="collectAsJson" crap="2" count="1"/>
        <line num="67" type="stmt" count="1"/>
        <line num="69" type="stmt" count="1"/>
        <line num="70" type="stmt" count="1"/>
        <line num="72" type="stmt" count="1"/>
        <line num="73" type="stmt" count="1"/>
        <line num="76" type="stmt" count="1"/>
        <metrics loc="78" ncloc="54" classes="1" methods="4" coveredmethods="4" conditionals="0" coveredconditionals="0" statements="19" coveredstatements="19" elements="23" coveredelements="23"/>
      </file>
    </package>
    <package name="CodeClimate\PhpTestReporter\TestReporter\Entity">
      <file name="/Users/GordonDiggs/cc/php-test-reporter/src/TestReporter/Entity/CiInfo.php">
        <class name="CiInfo" namespace="CodeClimate\PhpTestReporter\TestReporter\Entity">
          <metrics methods="12" coveredmethods="10" conditionals="0" coveredconditionals="0" statements="61" coveredstatements="56" elements="73" coveredelements="66"/>
        </class>
        <line num="11" type="method" name="__construct" crap="1" count="13"/>
        <line num="13" type="stmt" count="13"/>
        <line num="14" type="stmt" count="13"/>
        <line num="19" type="method" name="toArray" crap="1" count="13"/>
        <line num="21" type="stmt" count="13"/>
        <line num="28" type="method" name="infoFrom" crap="11.02" count="13"/>
        <line num="30" type="stmt" count="13"/>
        <line num="31" type="stmt" count="2"/>
        <line num="34" type="stmt" count="11"/>
        <line num="35" type="stmt" count="0"/>
        <line num="38" type="stmt" count="11"/>
        <line num="39" type="stmt" count="1"/>
        <line num="42" type="stmt" count="10"/>
        <line num="43" type="stmt" count="1"/>
        <line num="46" type="stmt" count="9"/>
        <line num="47" type="stmt" count="1"/>
        <line num="50" type="stmt" count="8"/>
        <line num="51" type="stmt" count="4"/>
        <line num="54" type="stmt" count="4"/>
        <line num="55" type="stmt" count="1"/>
        <line num="58" type="stmt" count="3"/>
        <line num="59" type="stmt" count="1"/>
        <line num="62" type="stmt" count="2"/>
        <line num="63" type="stmt" count="1"/>
        <line num="66" type="stmt" count="1"/>
        <line num="73" type="method" name="travisProperties" crap="1" count="2"/>
        <line num="76" type="stmt" count="2"/>
        <line num="77" type="stmt" count="2"/>
        <line num="78" type="stmt" count="2"/>
        <line num="79" type="stmt" count="2"/>
        <line num="87" type="method" name="circleProperties" crap="2" count="0"/>
        <line num="90" type="stmt" count="0"/>
        <line num="91" type="stmt" count="0"/>
        <line num="92" type="stmt" count="0"/>
        <line num="93" type="stmt" count="0"/>
        <line num="101" type="method" name="semaphoreProperties" crap="1" count="1"/>
        <line num="104" type="stmt" count="1"/>
        <line num="105" type="stmt" count="1"/>
        <line num="106" type="stmt" count="1"/>
        <line num="114" type="method" name="jenkinsProperties" crap="1" count="1"/>
        <line num="117" type="stmt" count="1"/>
        <line num="118" type="stmt" count="1"/>
        <line num="119" type="stmt" count="1"/>
        <line num="120" type="stmt" count="1"/>
        <line num="121" type="stmt" count="1"/>
        <line num="129" type="method" name="tddiumProperties" crap="1" count="1"/>
        <line num="132" type="stmt" count="1"/>
        <line num="133" type="stmt" count="1"/>
        <line num="134" type="stmt" count="1"/>
        <line num="142" type="method" name="codeshipProperties" crap="1" count="4"/>
        <line num="145" type="stmt" count="4"/>
        <line num="146" type="stmt" count="4"/>
        <line num="147" type="stmt" count="4"/>
        <line num="148" type="stmt" count="4"/>
        <line num="149" type="stmt" count="4"/>
        <line num="157" type="method" name="buildkiteProperties" crap="1" count="1"/>
        <line num="160" type="stmt" count="1"/>
        <line num="161" type="stmt" count="1"/>
        <line num="162" type="stmt" count="1"/>
        <line num="163" type="stmt" count="1"/>
        <line num="164" type="stmt" count="1"/>
        <line num="165" type="stmt" count="1"/>
        <line num="173" type="method" name="werckerProperties" crap="1" count="1"/>
        <line num="176" type="stmt" count="1"/>
        <line num="177" type="stmt" count="1"/>
        <line num="178" type="stmt" count="1"/>
        <line num="179" type="stmt" count="1"/>
        <line num="180" type="stmt" count="1"/>
        <line num="188" type="method" name="gitlabCiProperties" crap="1" count="1"/>
        <line num="191" type="stmt" count="1"/>
        <line num="192" type="stmt" count="1"/>
        <line num="193" type="stmt" count="1"/>
        <line num="194" type="stmt" count="1"/>
        <metrics loc="197" ncloc="151" classes="1" methods="12" coveredmethods="10" conditionals="0" coveredconditionals="0" statements="61" coveredstatements="56" elements="73" coveredelements="66"/>
      </file>
      <file name="/Users/GordonDiggs/cc/php-test-reporter/src/TestReporter/Entity/JsonFile.php">
        <class name="JsonFile" namespace="CodeClimate\PhpTestReporter\TestReporter\Entity">
          <metrics methods="8" coveredmethods="8" conditionals="0" coveredconditionals="0" statements="25" coveredstatements="25" elements="33" coveredelements="33"/>
        </class>
        <line num="11" type="method" name="toArray" crap="1" count="1"/>
        <line num="14" type="stmt" count="1"/>
        <line num="15" type="stmt" count="1"/>
        <line num="16" type="stmt" count="1"/>
        <line num="17" type="stmt" count="1"/>
        <line num="18" type="stmt" count="1"/>
        <line num="19" type="stmt" count="1"/>
        <line num="20" type="stmt" count="1"/>
        <line num="24" type="method" name="getRunAt" crap="1" count="1"/>
        <line num="26" type="stmt" count="1"/>
        <line num="29" type="method" name="getRepoToken" crap="1" count="1"/>
        <line num="31" type="stmt" count="1"/>
        <line num="37" type="method" name="getEnvironment" crap="1" count="1"/>
        <line num="40" type="stmt" count="1"/>
        <line num="41" type="stmt" count="1"/>
        <line num="48" type="method" name="collectGitInfo" crap="1" count="1"/>
        <line num="50" type="stmt" count="1"/>
        <line num="52" type="stmt" count="1"/>
        <line num="58" type="method" name="collectCiServiceInfo" crap="1" count="1"/>
        <line num="60" type="stmt" count="1"/>
        <line num="62" type="stmt" count="1"/>
        <line num="68" type="method" name="collectSourceFiles" crap="2" count="1"/>
        <line num="70" type="stmt" count="1"/>
        <line num="72" type="stmt" count="1"/>
        <line num="73" type="stmt" count="1"/>
        <line num="74" type="stmt" count="1"/>
        <line num="75" type="stmt" count="1"/>
        <line num="76" type="stmt" count="1"/>
        <line num="80" type="stmt" count="1"/>
        <line num="87" type="method" name="calculateBlobId" crap="1" count="1"/>
        <line num="89" type="stmt" count="1"/>
        <line num="90" type="stmt" count="1"/>
        <line num="92" type="stmt" count="1"/>
        <metrics loc="94" ncloc="78" classes="1" methods="8" coveredmethods="8" conditionals="0" coveredconditionals="0" statements="25" coveredstatements="25" elements="33" coveredelements="33"/>
      </file>
    </package>
    <metrics files="13" loc="930" ncloc="718" classes="12" methods="47" coveredmethods="35" conditionals="0" coveredconditionals="0" statements="307" coveredstatements="149" elements="354" coveredelements="184"/>
  </project>
</coverage>
