<?xml version="1.0"?>
<coverage branch-rate="0" line-rate="0.903" timestamp="1493741401455" version="4.3.4">
  <!-- Generated by coverage.py: https://coverage.readthedocs.io -->
  <!-- Based on https://raw.githubusercontent.com/cobertura/web/f0366e5e2cf18f111cbd61fc34ef720a6584ba02/htdocs/xml/coverage-03.dtd -->
  <sources>
    <source>/Users/markbates/Dropbox/development/python-test-reporter</source>
  </sources>
  <packages>
    <package branch-rate="0" complexity="0" line-rate="0.3636" name="codeclimate_test_reporter">
      <classes>
        <class branch-rate="0" complexity="0" filename="codeclimate_test_reporter/__init__.py" line-rate="1" name="__init__.py">
          <methods />
          <lines>
            <line hits="1" number="5" />
            <line hits="1" number="7" />
            <line hits="1" number="8" />
            <line hits="1" number="9" />
          </lines>
        </class>
        <class branch-rate="0" complexity="0" filename="codeclimate_test_reporter/__main__.py" line-rate="0" name="__main__.py">
          <methods />
          <lines>
            <line hits="0" number="3" />
            <line hits="0" number="5" />
            <line hits="0" number="8" />
            <line hits="0" number="9" />
            <line hits="0" number="11" />
            <line hits="0" number="13" />
            <line hits="0" number="14" />
          </lines>
        </class>
      </classes>
    </package>
    <package branch-rate="0" complexity="0" line-rate="0.9236" name="codeclimate_test_reporter.components">
      <classes>
        <class branch-rate="0" complexity="0" filename="codeclimate_test_reporter/components/__init__.py" line-rate="1" name="__init__.py">
          <methods />
          <lines>
            <line hits="1" number="1" />
          </lines>
        </class>
        <class branch-rate="0" complexity="0" filename="codeclimate_test_reporter/components/api_client.py" line-rate="1" name="api_client.py">
          <methods />
          <lines>
            <line hits="1" number="1" />
            <line hits="1" number="2" />
            <line hits="1" number="3" />
            <line hits="1" number="6" />
            <line hits="1" number="7" />
            <line hits="1" number="8" />
            <line hits="1" number="9" />
            <line hits="1" number="11" />
            <line hits="1" number="12" />
            <line hits="1" number="13" />
            <line hits="1" number="20" />
            <line hits="1" number="22" />
            <line hits="1" number="23" />
          </lines>
        </class>
        <class branch-rate="0" complexity="0" filename="codeclimate_test_reporter/components/argument_parser.py" line-rate="1" name="argument_parser.py">
          <methods />
          <lines>
            <line hits="1" number="5" />
            <line hits="1" number="6" />
            <line hits="1" number="9" />
            <line hits="1" number="10" />
            <line hits="1" number="11" />
            <line hits="1" number="17" />
            <line hits="1" number="23" />
            <line hits="1" number="24" />
            <line hits="1" number="25" />
            <line hits="1" number="26" />
          </lines>
        </class>
        <class branch-rate="0" complexity="0" filename="codeclimate_test_reporter/components/ci.py" line-rate="1" name="ci.py">
          <methods />
          <lines>
            <line hits="1" number="1" />
            <line hits="1" number="2" />
            <line hits="1" number="4" />
            <line hits="1" number="7" />
            <line hits="1" number="8" />
            <line hits="1" number="9" />
            <line hits="1" number="11" />
            <line hits="1" number="12" />
            <line hits="1" number="14" />
            <line hits="1" number="15" />
            <line hits="1" number="17" />
            <line hits="1" number="18" />
            <line hits="1" number="20" />
            <line hits="1" number="22" />
            <line hits="1" number="23" />
            <line hits="1" number="129" />
            <line hits="1" number="130" />
            <line hits="1" number="132" />
          </lines>
        </class>
        <class branch-rate="0" complexity="0" filename="codeclimate_test_reporter/components/file_coverage.py" line-rate="0.9836" name="file_coverage.py">
          <methods />
          <lines>
            <line hits="1" number="1" />
            <line hits="1" number="2" />
            <line hits="1" number="3" />
            <line hits="1" number="5" />
            <line hits="1" number="6" />
            <line hits="1" number="9" />
            <line hits="1" number="15" />
            <line hits="1" number="16" />
            <line hits="1" number="17" />
            <line hits="1" number="18" />
            <line hits="1" number="21" />
            <line hits="1" number="22" />
            <line hits="1" number="23" />
            <line hits="1" number="24" />
            <line hits="1" number="25" />
            <line hits="1" number="27" />
            <line hits="1" number="28" />
            <line hits="1" number="37" />
            <line hits="1" number="38" />
            <line hits="1" number="39" />
            <line hits="1" number="40" />
            <line hits="1" number="41" />
            <line hits="1" number="43" />
            <line hits="1" number="44" />
            <line hits="1" number="46" />
            <line hits="1" number="47" />
            <line hits="1" number="48" />
            <line hits="1" number="50" />
            <line hits="1" number="52" />
            <line hits="1" number="53" />
            <line hits="1" number="55" />
            <line hits="1" number="56" />
            <line hits="1" number="57" />
            <line hits="1" number="59" />
            <line hits="1" number="61" />
            <line hits="1" number="62" />
            <line hits="1" number="63" />
            <line hits="1" number="65" />
            <line hits="1" number="67" />
            <line hits="1" number="68" />
            <line hits="1" number="70" />
            <line hits="0" number="71" />
            <line hits="1" number="73" />
            <line hits="1" number="74" />
            <line hits="1" number="76" />
            <line hits="1" number="77" />
            <line hits="1" number="79" />
            <line hits="1" number="80" />
            <line hits="1" number="82" />
            <line hits="1" number="83" />
            <line hits="1" number="84" />
            <line hits="1" number="86" />
            <line hits="1" number="88" />
            <line hits="1" number="89" />
            <line hits="1" number="91" />
            <line hits="1" number="92" />
            <line hits="1" number="93" />
            <line hits="1" number="95" />
            <line hits="1" number="97" />
            <line hits="1" number="99" />
            <line hits="1" number="100" />
          </lines>
        </class>
        <class branch-rate="0" complexity="0" filename="codeclimate_test_reporter/components/formatter.py" line-rate="0.9762" name="formatter.py">
          <methods />
          <lines>
            <line hits="1" number="1" />
            <line hits="1" number="3" />
            <line hits="1" number="4" />
            <line hits="1" number="5" />
            <line hits="1" number="6" />
            <line hits="1" number="9" />
            <line hits="1" number="10" />
            <line hits="1" number="11" />
            <line hits="1" number="12" />
            <line hits="1" number="13" />
            <line hits="1" number="15" />
            <line hits="1" number="16" />
            <line hits="1" number="17" />
            <line hits="1" number="18" />
            <line hits="1" number="20" />
            <line hits="1" number="22" />
            <line hits="1" number="23" />
            <line hits="1" number="24" />
            <line hits="1" number="26" />
            <line hits="1" number="27" />
            <line hits="1" number="29" />
            <line hits="1" number="30" />
            <line hits="1" number="32" />
            <line hits="1" number="47" />
            <line hits="1" number="48" />
            <line hits="1" number="50" />
            <line hits="1" number="51" />
            <line hits="1" number="53" />
            <line hits="1" number="54" />
            <line hits="0" number="55" />
            <line hits="1" number="57" />
            <line hits="1" number="58" />
            <line hits="1" number="59" />
            <line hits="1" number="61" />
            <line hits="1" number="63" />
            <line hits="1" number="64" />
            <line hits="1" number="66" />
            <line hits="1" number="67" />
            <line hits="1" number="69" />
            <line hits="1" number="70" />
            <line hits="1" number="71" />
            <line hits="1" number="73" />
          </lines>
        </class>
        <class branch-rate="0" complexity="0" filename="codeclimate_test_reporter/components/git_command.py" line-rate="0.9333" name="git_command.py">
          <methods />
          <lines>
            <line hits="1" number="1" />
            <line hits="1" number="2" />
            <line hits="1" number="5" />
            <line hits="1" number="6" />
            <line hits="1" number="7" />
            <line hits="1" number="9" />
            <line hits="1" number="10" />
            <line hits="1" number="12" />
            <line hits="1" number="13" />
            <line hits="1" number="15" />
            <line hits="1" number="16" />
            <line hits="1" number="17" />
            <line hits="1" number="19" />
            <line hits="1" number="20" />
            <line hits="0" number="22" />
          </lines>
        </class>
        <class branch-rate="0" complexity="0" filename="codeclimate_test_reporter/components/payload_validator.py" line-rate="0.8293" name="payload_validator.py">
          <methods />
          <lines>
            <line hits="1" number="1" />
            <line hits="1" number="2" />
            <line hits="1" number="5" />
            <line hits="1" number="6" />
            <line hits="1" number="7" />
            <line hits="1" number="9" />
            <line hits="1" number="10" />
            <line hits="0" number="11" />
            <line hits="1" number="12" />
            <line hits="0" number="13" />
            <line hits="1" number="14" />
            <line hits="0" number="15" />
            <line hits="1" number="16" />
            <line hits="0" number="17" />
            <line hits="1" number="18" />
            <line hits="0" number="19" />
            <line hits="1" number="21" />
            <line hits="1" number="23" />
            <line hits="1" number="24" />
            <line hits="1" number="26" />
            <line hits="1" number="27" />
            <line hits="1" number="29" />
            <line hits="0" number="30" />
            <line hits="1" number="32" />
            <line hits="1" number="33" />
            <line hits="1" number="35" />
            <line hits="1" number="36" />
            <line hits="1" number="38" />
            <line hits="1" number="39" />
            <line hits="1" number="41" />
            <line hits="1" number="42" />
            <line hits="1" number="44" />
            <line hits="1" number="45" />
            <line hits="1" number="47" />
            <line hits="1" number="48" />
            <line hits="0" number="50" />
            <line hits="1" number="52" />
            <line hits="1" number="54" />
            <line hits="1" number="55" />
            <line hits="1" number="57" />
            <line hits="1" number="58" />
          </lines>
        </class>
        <class branch-rate="0" complexity="0" filename="codeclimate_test_reporter/components/reporter.py" line-rate="0.8667" name="reporter.py">
          <methods />
          <lines>
            <line hits="1" number="1" />
            <line hits="1" number="3" />
            <line hits="1" number="4" />
            <line hits="1" number="5" />
            <line hits="1" number="6" />
            <line hits="1" number="8" />
            <line hits="1" number="9" />
            <line hits="1" number="10" />
            <line hits="1" number="13" />
            <line hits="1" number="14" />
            <line hits="1" number="17" />
            <line hits="1" number="18" />
            <line hits="1" number="19" />
            <line hits="1" number="21" />
            <line hits="1" number="30" />
            <line hits="0" number="31" />
            <line hits="0" number="32" />
            <line hits="1" number="34" />
            <line hits="1" number="35" />
            <line hits="1" number="36" />
            <line hits="1" number="38" />
            <line hits="1" number="40" />
            <line hits="0" number="41" />
            <line hits="0" number="43" />
            <line hits="1" number="45" />
            <line hits="1" number="47" />
            <line hits="1" number="48" />
            <line hits="1" number="50" />
            <line hits="1" number="52" />
            <line hits="1" number="54" />
            <line hits="1" number="56" />
            <line hits="1" number="57" />
            <line hits="1" number="59" />
            <line hits="1" number="60" />
            <line hits="1" number="61" />
            <line hits="1" number="63" />
            <line hits="0" number="65" />
            <line hits="0" number="67" />
            <line hits="1" number="69" />
            <line hits="1" number="70" />
            <line hits="1" number="71" />
            <line hits="1" number="72" />
            <line hits="1" number="74" />
            <line hits="1" number="75" />
            <line hits="1" number="77" />
          </lines>
        </class>
        <class branch-rate="0" complexity="0" filename="codeclimate_test_reporter/components/runner.py" line-rate="0.8571" name="runner.py">
          <methods />
          <lines>
            <line hits="1" number="11" />
            <line hits="1" number="12" />
            <line hits="1" number="13" />
            <line hits="1" number="14" />
            <line hits="1" number="15" />
            <line hits="1" number="17" />
            <line hits="1" number="18" />
            <line hits="1" number="19" />
            <line hits="1" number="20" />
            <line hits="1" number="23" />
            <line hits="1" number="24" />
            <line hits="1" number="25" />
            <line hits="1" number="26" />
            <line hits="1" number="27" />
            <line hits="1" number="29" />
            <line hits="1" number="40" />
            <line hits="1" number="41" />
            <line hits="1" number="42" />
            <line hits="1" number="44" />
            <line hits="0" number="45" />
            <line hits="1" number="47" />
            <line hits="1" number="48" />
            <line hits="1" number="49" />
            <line hits="1" number="50" />
            <line hits="1" number="51" />
            <line hits="0" number="52" />
            <line hits="1" number="55" />
            <line hits="0" number="56" />
            <line hits="1" number="57" />
            <line hits="0" number="58" />
            <line hits="1" number="59" />
            <line hits="1" number="60" />
            <line hits="0" number="61" />
            <line hits="0" number="62" />
            <line hits="1" number="67" />
            <line hits="1" number="68" />
            <line hits="1" number="70" />
            <line hits="1" number="71" />
            <line hits="1" number="77" />
            <line hits="1" number="79" />
            <line hits="1" number="80" />
            <line hits="1" number="82" />
          </lines>
        </class>
      </classes>
    </package>
  </packages>
</coverage>
