<?xml version="1.0" encoding="utf-8" standalone="yes"?>
<!DOCTYPE report PUBLIC "-//JACOCO//DTD Report 1.0//EN"
"report.dtd">
<report name="basic">
  <sessioninfo id="MW7MMBWBKUVDQ1-9d9e9c15" start="1468574972173" dump="1468574982521" />
  <package name="be/apo/basic">
    <class name="be/apo/basic/Application">
      <method name="&lt;init&gt;" desc="()V" line="7">
        <counter type="INSTRUCTION" missed="0" covered="3" />
        <counter type="LINE" missed="0" covered="1" />
        <counter type="COMPLEXITY" missed="0" covered="1" />
        <counter type="METHOD" missed="0" covered="1" />
      </method>
      <method name="main" desc="([Ljava/lang/String;)V" line="10">
        <counter type="INSTRUCTION" missed="5" covered="0" />
        <counter type="LINE" missed="2" covered="0" />
        <counter type="COMPLEXITY" missed="1" covered="0" />
        <counter type="METHOD" missed="1" covered="0" />
      </method>
      <counter type="INSTRUCTION" missed="5" covered="3" />
      <counter type="LINE" missed="2" covered="1" />
      <counter type="COMPLEXITY" missed="1" covered="1" />
      <counter type="METHOD" missed="1" covered="1" />
      <counter type="CLASS" missed="0" covered="1" />
    </class>
    <sourcefile name="Application.java">
      <line nr="7" mi="0" ci="3" mb="0" cb="0" />
      <line nr="10" mi="4" ci="0" mb="0" cb="0" />
      <line nr="11" mi="1" ci="0" mb="0" cb="0" />
      <counter type="INSTRUCTION" missed="5" covered="3" />
      <counter type="LINE" missed="2" covered="1" />
      <counter type="COMPLEXITY" missed="1" covered="1" />
      <counter type="METHOD" missed="1" covered="1" />
      <counter type="CLASS" missed="0" covered="1" />
    </sourcefile>
    <counter type="INSTRUCTION" missed="5" covered="3" />
    <counter type="LINE" missed="2" covered="1" />
    <counter type="COMPLEXITY" missed="1" covered="1" />
    <counter type="METHOD" missed="1" covered="1" />
    <counter type="CLASS" missed="0" covered="1" />
  </package>
  <package name="be/apo/basic/rest">
    <class name="be/apo/basic/rest/EchoService">
      <method name="&lt;init&gt;" desc="()V" line="8">
        <counter type="INSTRUCTION" missed="0" covered="3" />
        <counter type="LINE" missed="0" covered="1" />
        <counter type="COMPLEXITY" missed="0" covered="1" />
        <counter type="METHOD" missed="0" covered="1" />
      </method>
      <method name="echo" desc="(Ljava/lang/String;)Ljava/lang/String;" line="12">
        <counter type="INSTRUCTION" missed="2" covered="0" />
        <counter type="LINE" missed="1" covered="0" />
        <counter type="COMPLEXITY" missed="1" covered="0" />
        <counter type="METHOD" missed="1" covered="0" />
      </method>
      <counter type="INSTRUCTION" missed="2" covered="3" />
      <counter type="LINE" missed="1" covered="1" />
      <counter type="COMPLEXITY" missed="1" covered="1" />
      <counter type="METHOD" missed="1" covered="1" />
      <counter type="CLASS" missed="0" covered="1" />
    </class>
    <sourcefile name="EchoService.java">
      <line nr="8" mi="0" ci="3" mb="0" cb="0" />
      <line nr="12" mi="2" ci="0" mb="0" cb="0" />
      <counter type="INSTRUCTION" missed="2" covered="3" />
      <counter type="LINE" missed="1" covered="1" />
      <counter type="COMPLEXITY" missed="1" covered="1" />
      <counter type="METHOD" missed="1" covered="1" />
      <counter type="CLASS" missed="0" covered="1" />
    </sourcefile>
    <counter type="INSTRUCTION" missed="2" covered="3" />
    <counter type="LINE" missed="1" covered="1" />
    <counter type="COMPLEXITY" missed="1" covered="1" />
    <counter type="METHOD" missed="1" covered="1" />
    <counter type="CLASS" missed="0" covered="1" />
  </package>
  <package name="be/apo/basic/rest/model">
    <class name="be/apo/basic/rest/model/Poney">
      <method name="&lt;init&gt;" desc="()V" line="3">
        <counter type="INSTRUCTION" missed="6" covered="0" />
        <counter type="LINE" missed="2" covered="0" />
        <counter type="COMPLEXITY" missed="1" covered="0" />
        <counter type="METHOD" missed="1" covered="0" />
      </method>
      <method name="getHead" desc="()I" line="9">
        <counter type="INSTRUCTION" missed="3" covered="0" />
        <counter type="LINE" missed="1" covered="0" />
        <counter type="COMPLEXITY" missed="1" covered="0" />
        <counter type="METHOD" missed="1" covered="0" />
      </method>
      <method name="setHead" desc="(I)V" line="13">
        <counter type="INSTRUCTION" missed="4" covered="0" />
        <counter type="LINE" missed="2" covered="0" />
        <counter type="COMPLEXITY" missed="1" covered="0" />
        <counter type="METHOD" missed="1" covered="0" />
      </method>
      <method name="getId" desc="()J" line="17">
        <counter type="INSTRUCTION" missed="3" covered="0" />
        <counter type="LINE" missed="1" covered="0" />
        <counter type="COMPLEXITY" missed="1" covered="0" />
        <counter type="METHOD" missed="1" covered="0" />
      </method>
      <counter type="INSTRUCTION" missed="16" covered="0" />
      <counter type="LINE" missed="6" covered="0" />
      <counter type="COMPLEXITY" missed="4" covered="0" />
      <counter type="METHOD" missed="4" covered="0" />
      <counter type="CLASS" missed="1" covered="0" />
    </class>
    <sourcefile name="Poney.java">
      <line nr="3" mi="2" ci="0" mb="0" cb="0" />
      <line nr="6" mi="4" ci="0" mb="0" cb="0" />
      <line nr="9" mi="3" ci="0" mb="0" cb="0" />
      <line nr="13" mi="3" ci="0" mb="0" cb="0" />
      <line nr="14" mi="1" ci="0" mb="0" cb="0" />
      <line nr="17" mi="3" ci="0" mb="0" cb="0" />
      <counter type="INSTRUCTION" missed="16" covered="0" />
      <counter type="LINE" missed="6" covered="0" />
      <counter type="COMPLEXITY" missed="4" covered="0" />
      <counter type="METHOD" missed="4" covered="0" />
      <counter type="CLASS" missed="1" covered="0" />
    </sourcefile>
    <counter type="INSTRUCTION" missed="16" covered="0" />
    <counter type="LINE" missed="6" covered="0" />
    <counter type="COMPLEXITY" missed="4" covered="0" />
    <counter type="METHOD" missed="4" covered="0" />
    <counter type="CLASS" missed="1" covered="0" />
  </package>
  <counter type="INSTRUCTION" missed="23" covered="6" />
  <counter type="LINE" missed="9" covered="2" />
  <counter type="COMPLEXITY" missed="6" covered="2" />
  <counter type="METHOD" missed="6" covered="2" />
  <counter type="CLASS" missed="1" covered="2" />
</report>
