<?xml version="1.0" encoding="utf-8"?>
<coverage generated="1493754316">
  <project timestamp="1493754316">
    <file name="/Users/markbates/Dropbox/development/php-test-reporter/src/ConsoleCommands/RollbackCommand.php">
      <class name="RollbackCommand" namespace="CodeClimate\PhpTestReporter\ConsoleCommands" fullPackage="CodeClimate" package="CodeClimate">
        <metrics methods="2" coveredmethods="0" conditionals="0" coveredconditionals="0" statements="18" coveredstatements="0" elements="20" coveredelements="0" />
      </class>
      <line num="22" type="method" name="configure" crap="2" count="0" />
      <line num="23" type="stmt" count="1" />
      <line num="24" type="stmt" count="1" />
      <line num="25" type="stmt" count="1" />
      <line num="27" type="method" name="execute" crap="6" count="1" />
      <line num="28" type="stmt" count="1" />
      <line num="29" type="stmt" count="1" />
      <line num="30" type="stmt" count="1" />
      <line num="31" type="stmt" count="1" />
      <line num="34" type="stmt" count="0" />
      <line num="36" type="stmt" count="0" />
      <line num="37" type="stmt" count="0" />
      <line num="38" type="stmt" count="0" />
      <line num="40" type="stmt" count="0" />
      <line num="41" type="stmt" count="0" />
      <line num="42" type="stmt" count="0" />
      <line num="43" type="stmt" count="0" />
      <line num="44" type="stmt" count="0" />
      <line num="46" type="stmt" count="0" />
      <line num="47" type="stmt" count="0" />
      <metrics loc="48" ncloc="40" classes="1" methods="2" coveredmethods="0" conditionals="0" coveredconditionals="0" statements="18" coveredstatements="0" elements="20" coveredelements="0" />
    </file>
    <file name="/Users/markbates/Dropbox/development/php-test-reporter/src/ConsoleCommands/SelfUpdateCommand.php">
      <class name="SelfUpdateCommand" namespace="CodeClimate\PhpTestReporter\ConsoleCommands" fullPackage="CodeClimate" package="CodeClimate">
        <metrics methods="2" coveredmethods="0" conditionals="0" coveredconditionals="0" statements="44" coveredstatements="0" elements="46" coveredelements="0" />
      </class>
      <line num="24" type="method" name="configure" crap="2" count="0" />
      <line num="25" type="stmt" count="0" />
      <line num="26" type="stmt" count="1" />
      <line num="27" type="stmt" count="1" />
      <line num="29" type="stmt" count="1" />
      <line num="30" type="stmt" count="1" />
      <line num="31" type="stmt" count="1" />
      <line num="32" type="stmt" count="1" />
      <line num="33" type="stmt" count="0" />
      <line num="34" type="stmt" count="0" />
      <line num="35" type="stmt" count="0" />
      <line num="36" type="stmt" count="0" />
      <line num="37" type="stmt" count="0" />
      <line num="38" type="stmt" count="0" />
      <line num="39" type="stmt" count="0" />
      <line num="40" type="stmt" count="0" />
      <line num="41" type="stmt" count="0" />
      <line num="43" type="method" name="execute" crap="30" count="0" />
      <line num="44" type="stmt" count="0" />
      <line num="45" type="stmt" count="0" />
      <line num="46" type="stmt" count="0" />
      <line num="49" type="stmt" count="0" />
      <line num="51" type="stmt" count="0" />
      <line num="52" type="stmt" count="0" />
      <line num="53" type="stmt" count="0" />
      <line num="55" type="stmt" count="0" />
      <line num="56" type="stmt" count="0" />
      <line num="58" type="stmt" count="0" />
      <line num="59" type="stmt" count="0" />
      <line num="60" type="stmt" count="0" />
      <line num="62" type="stmt" count="0" />
      <line num="63" type="stmt" count="5" />
      <line num="65" type="stmt" count="0" />
      <line num="66" type="stmt" count="0" />
      <line num="67" type="stmt" count="0" />
      <line num="68" type="stmt" count="0" />
      <line num="69" type="stmt" count="0" />
      <line num="70" type="stmt" count="0" />
      <line num="71" type="stmt" count="0" />
      <line num="72" type="stmt" count="0" />
      <line num="74" type="stmt" count="0" />
      <line num="75" type="stmt" count="0" />
      <line num="76" type="stmt" count="0" />
      <line num="78" type="stmt" count="0" />
      <line num="79" type="stmt" count="0" />
      <line num="80" type="stmt" count="0" />
      <metrics loc="81" ncloc="73" classes="1" methods="2" coveredmethods="0" conditionals="0" coveredconditionals="0" statements="44" coveredstatements="0" elements="46" coveredelements="0" />
    </file>
    <file name="/Users/markbates/Dropbox/development/php-test-reporter/src/ConsoleCommands/UploadCommand.php">
      <class name="UploadCommand" namespace="CodeClimate\PhpTestReporter\ConsoleCommands">
        <metrics methods="2" coveredmethods="1" conditionals="0" coveredconditionals="0" statements="29" coveredstatements="18" elements="31" coveredelements="19" />
      </class>
      <line num="17" type="method" name="configure" crap="1" count="1" />
      <line num="20" type="stmt" count="1" />
      <line num="21" type="stmt" count="1" />
      <line num="22" type="stmt" count="1" />
      <line num="23" type="stmt" count="1" />
      <line num="24" type="stmt" count="1" />
      <line num="25" type="stmt" count="1" />
      <line num="27" type="stmt" count="1" />
      <line num="28" type="stmt" count="1" />
      <line num="29" type="stmt" count="1" />
      <line num="30" type="stmt" count="1" />
      <line num="31" type="stmt" count="1" />
      <line num="32" type="stmt" count="1" />
      <line num="34" type="stmt" count="1" />
      <line num="36" type="method" name="execute" crap="9.20" count="1" />
      <line num="38" type="stmt" count="1" />
      <line num="39" type="stmt" count="1" />
      <line num="41" type="stmt" count="1" />
      <line num="42" type="stmt" count="1" />
      <line num="44" type="stmt" count="1" />
      <line num="47" type="stmt" count="0" />
      <line num="48" type="stmt" count="0" />
      <line num="50" type="stmt" count="0" />
      <line num="51" type="stmt" count="0" />
      <line num="53" type="stmt" count="0" />
      <line num="56" type="stmt" count="0" />
      <line num="57" type="stmt" count="0" />
      <line num="59" type="stmt" count="0" />
      <line num="62" type="stmt" count="0" />
      <line num="63" type="stmt" count="0" />
      <line num="65" type="stmt" count="0" />
      <metrics loc="67" ncloc="64" classes="1" methods="2" coveredmethods="1" conditionals="0" coveredconditionals="0" statements="29" coveredstatements="18" elements="31" coveredelements="19" />
    </file>
    <file name="/Users/markbates/Dropbox/development/php-test-reporter/src/System/Git/GitInfoInterface.php">
      <metrics loc="29" ncloc="14" classes="0" methods="0" coveredmethods="0" conditionals="0" coveredconditionals="0" statements="0" coveredstatements="0" elements="0" coveredelements="0" />
    </file>
    <metrics files="13" loc="937" ncloc="722" classes="12" methods="49" coveredmethods="37" conditionals="0" coveredconditionals="0" statements="306" coveredstatements="148" elements="355" coveredelements="185" />
  </project>
</coverage>
